[INFO] [2016-08-06 22:39:06][org.springframework.web.context.ContextLoader]Root WebApplicationContext: initialization started
 [INFO] [2016-08-06 22:39:07][org.springframework.web.context.support.XmlWebApplicationContext]Refreshing Root WebApplicationContext: startup date [Sat Aug 06 22:39:06 CST 2016]; root of context hierarchy
 [INFO] [2016-08-06 22:39:07][org.springframework.beans.factory.xml.XmlBeanDefinitionReader]Loading XML bean definitions from class path resource [spring-mybatis.xml]
 [INFO] [2016-08-06 22:39:08][org.springframework.beans.factory.xml.XmlBeanDefinitionReader]Loading XML bean definitions from class path resource [spring-shiro-web.xml]
 [INFO] [2016-08-06 22:39:10][org.springframework.beans.factory.config.PropertyPlaceholderConfigurer]Loading properties file from class path resource [jdbc.properties]
 [INFO] [2016-08-06 22:39:10][org.springframework.beans.factory.annotation.AutowiredAnnotationBeanPostProcessor]JSR-330 'javax.inject.Inject' annotation found and supported for autowiring
 [INFO] [2016-08-06 22:39:11][org.springframework.context.support.PostProcessorRegistrationDelegate$BeanPostProcessorChecker]Bean 'dataSource' of type [class org.apache.commons.dbcp.BasicDataSource] is not eligible for getting processed by all BeanPostProcessors (for example: not eligible for auto-proxying)
 [INFO] [2016-08-06 22:39:13][org.springframework.context.support.PostProcessorRegistrationDelegate$BeanPostProcessorChecker]Bean 'sqlSessionFactory' of type [class org.mybatis.spring.SqlSessionFactoryBean] is not eligible for getting processed by all BeanPostProcessors (for example: not eligible for auto-proxying)
 [INFO] [2016-08-06 22:39:13][org.springframework.context.support.PostProcessorRegistrationDelegate$BeanPostProcessorChecker]Bean 'sqlSessionFactory' of type [class org.apache.ibatis.session.defaults.DefaultSqlSessionFactory] is not eligible for getting processed by all BeanPostProcessors (for example: not eligible for auto-proxying)
 [INFO] [2016-08-06 22:39:13][org.springframework.context.support.PostProcessorRegistrationDelegate$BeanPostProcessorChecker]Bean 'userDao' of type [class org.mybatis.spring.mapper.MapperFactoryBean] is not eligible for getting processed by all BeanPostProcessors (for example: not eligible for auto-proxying)
 [INFO] [2016-08-06 22:39:13][org.springframework.context.support.PostProcessorRegistrationDelegate$BeanPostProcessorChecker]Bean 'userDao' of type [class com.sun.proxy.$Proxy14] is not eligible for getting processed by all BeanPostProcessors (for example: not eligible for auto-proxying)
 [INFO] [2016-08-06 22:39:13][org.springframework.context.support.PostProcessorRegistrationDelegate$BeanPostProcessorChecker]Bean 'userService' of type [class site.nebulas.service.UserService] is not eligible for getting processed by all BeanPostProcessors (for example: not eligible for auto-proxying)
 [INFO] [2016-08-06 22:39:15][org.springframework.context.support.PostProcessorRegistrationDelegate$BeanPostProcessorChecker]Bean 'cacheManager' of type [class org.apache.shiro.cache.ehcache.EhCacheManager] is not eligible for getting processed by all BeanPostProcessors (for example: not eligible for auto-proxying)
 [INFO] [2016-08-06 22:39:15][org.apache.shiro.cache.ehcache.EhCacheManager]Using existing EHCache named [passwordRetryCache]
 [INFO] [2016-08-06 22:39:15][org.springframework.context.support.PostProcessorRegistrationDelegate$BeanPostProcessorChecker]Bean 'credentialsMatcher' of type [class site.nebulas.credentials.RetryLimitHashedCredentialsMatcher] is not eligible for getting processed by all BeanPostProcessors (for example: not eligible for auto-proxying)
 [INFO] [2016-08-06 22:39:15][org.apache.shiro.realm.AuthorizingRealm]No cache or cacheManager properties have been set.  Authorization cache cannot be obtained.
 [INFO] [2016-08-06 22:39:15][org.springframework.context.support.PostProcessorRegistrationDelegate$BeanPostProcessorChecker]Bean 'userRealm' of type [class site.nebulas.realm.UserRealm] is not eligible for getting processed by all BeanPostProcessors (for example: not eligible for auto-proxying)
 [INFO] [2016-08-06 22:39:15][org.springframework.context.support.PostProcessorRegistrationDelegate$BeanPostProcessorChecker]Bean 'sessionValidationScheduler' of type [class org.apache.shiro.session.mgt.quartz.QuartzSessionValidationScheduler] is not eligible for getting processed by all BeanPostProcessors (for example: not eligible for auto-proxying)
 [INFO] [2016-08-06 22:39:15][org.springframework.context.support.PostProcessorRegistrationDelegate$BeanPostProcessorChecker]Bean 'sessionIdGenerator' of type [class org.apache.shiro.session.mgt.eis.JavaUuidSessionIdGenerator] is not eligible for getting processed by all BeanPostProcessors (for example: not eligible for auto-proxying)
 [INFO] [2016-08-06 22:39:15][org.springframework.context.support.PostProcessorRegistrationDelegate$BeanPostProcessorChecker]Bean 'sessionDAO' of type [class org.apache.shiro.session.mgt.eis.EnterpriseCacheSessionDAO] is not eligible for getting processed by all BeanPostProcessors (for example: not eligible for auto-proxying)
 [INFO] [2016-08-06 22:39:15][org.springframework.context.support.PostProcessorRegistrationDelegate$BeanPostProcessorChecker]Bean 'sessionIdCookie' of type [class org.apache.shiro.web.servlet.SimpleCookie] is not eligible for getting processed by all BeanPostProcessors (for example: not eligible for auto-proxying)
 [INFO] [2016-08-06 22:39:16][org.springframework.context.support.PostProcessorRegistrationDelegate$BeanPostProcessorChecker]Bean 'sessionManager' of type [class org.apache.shiro.web.session.mgt.DefaultWebSessionManager] is not eligible for getting processed by all BeanPostProcessors (for example: not eligible for auto-proxying)
 [INFO] [2016-08-06 22:39:16][org.apache.shiro.cache.ehcache.EhCacheManager]Using existing EHCache named [authenticationCache]
 [INFO] [2016-08-06 22:39:16][org.apache.shiro.cache.ehcache.EhCacheManager]Using existing EHCache named [authorizationCache]
 [INFO] [2016-08-06 22:39:16][org.springframework.context.support.PostProcessorRegistrationDelegate$BeanPostProcessorChecker]Bean 'securityManager' of type [class org.apache.shiro.web.mgt.DefaultWebSecurityManager] is not eligible for getting processed by all BeanPostProcessors (for example: not eligible for auto-proxying)
 [INFO] [2016-08-06 22:39:16][org.springframework.context.support.PostProcessorRegistrationDelegate$BeanPostProcessorChecker]Bean 'formAuthenticationFilter' of type [class org.apache.shiro.web.filter.authc.FormAuthenticationFilter] is not eligible for getting processed by all BeanPostProcessors (for example: not eligible for auto-proxying)
 [INFO] [2016-08-06 22:39:16][org.springframework.context.support.PostProcessorRegistrationDelegate$BeanPostProcessorChecker]Bean 'util:map#65b104b9' of type [class org.springframework.beans.factory.config.MapFactoryBean] is not eligible for getting processed by all BeanPostProcessors (for example: not eligible for auto-proxying)
 [INFO] [2016-08-06 22:39:16][org.springframework.context.support.PostProcessorRegistrationDelegate$BeanPostProcessorChecker]Bean 'util:map#65b104b9' of type [class java.util.LinkedHashMap] is not eligible for getting processed by all BeanPostProcessors (for example: not eligible for auto-proxying)
 [INFO] [2016-08-06 22:39:16][org.springframework.web.context.ContextLoader]Root WebApplicationContext: initialization completed in 10342 ms
 [INFO] [2016-08-06 22:39:17][org.springframework.web.servlet.DispatcherServlet]FrameworkServlet 'SpringMVC': initialization started
 [INFO] [2016-08-06 22:39:17][org.springframework.web.context.support.XmlWebApplicationContext]Refreshing WebApplicationContext for namespace 'SpringMVC-servlet': startup date [Sat Aug 06 22:39:17 CST 2016]; parent: Root WebApplicationContext
 [INFO] [2016-08-06 22:39:17][org.springframework.beans.factory.xml.XmlBeanDefinitionReader]Loading XML bean definitions from class path resource [spring-mvc.xml]
 [INFO] [2016-08-06 22:39:17][org.springframework.beans.factory.annotation.AutowiredAnnotationBeanPostProcessor]JSR-330 'javax.inject.Inject' annotation found and supported for autowiring
 [INFO] [2016-08-06 22:39:19][org.springframework.web.servlet.mvc.method.annotation.RequestMappingHandlerMapping]Mapped "{[/bookQueryByParam],methods=[],params=[],headers=[],consumes=[],produces=[],custom=[]}" onto public java.lang.Object site.nebulas.controller.BookController.bookQueryByParam(site.nebulas.beans.Book)
 [INFO] [2016-08-06 22:39:19][org.springframework.web.servlet.mvc.method.annotation.RequestMappingHandlerMapping]Mapped "{[/book],methods=[],params=[],headers=[],consumes=[],produces=[],custom=[]}" onto public org.springframework.web.servlet.ModelAndView site.nebulas.controller.BookController.operationLog()
 [INFO] [2016-08-06 22:39:19][org.springframework.web.servlet.mvc.method.annotation.RequestMappingHandlerMapping]Mapped "{[/index],methods=[],params=[],headers=[],consumes=[],produces=[],custom=[]}" onto public org.springframework.web.servlet.ModelAndView site.nebulas.controller.ShiroController.index()
 [INFO] [2016-08-06 22:39:19][org.springframework.web.servlet.mvc.method.annotation.RequestMappingHandlerMapping]Mapped "{[/loginIn],methods=[],params=[],headers=[],consumes=[],produces=[],custom=[]}" onto public java.lang.Object site.nebulas.controller.ShiroController.loginIn(site.nebulas.beans.User)
 [INFO] [2016-08-06 22:39:19][org.springframework.web.servlet.mvc.method.annotation.RequestMappingHandlerMapping]Mapped "{[/login],methods=[],params=[],headers=[],consumes=[],produces=[],custom=[]}" onto public org.springframework.web.servlet.ModelAndView site.nebulas.controller.ShiroController.login()
 [INFO] [2016-08-06 22:39:21][org.springframework.web.servlet.handler.SimpleUrlHandlerMapping]Mapped URL path [/resources/**] onto handler 'org.springframework.web.servlet.resource.ResourceHttpRequestHandler#0'
 [INFO] [2016-08-06 22:39:21][org.springframework.web.servlet.handler.SimpleUrlHandlerMapping]Mapped URL path [/static/**] onto handler 'org.springframework.web.servlet.resource.ResourceHttpRequestHandler#1'
 [INFO] [2016-08-06 22:39:21][org.springframework.web.servlet.DispatcherServlet]FrameworkServlet 'SpringMVC': initialization completed in 4661 ms
 [INFO] [2016-08-06 22:39:47][org.springframework.web.context.ContextLoader]Root WebApplicationContext: initialization started
 [INFO] [2016-08-06 22:39:48][org.springframework.web.context.support.XmlWebApplicationContext]Refreshing Root WebApplicationContext: startup date [Sat Aug 06 22:39:48 CST 2016]; root of context hierarchy
 [INFO] [2016-08-06 22:39:48][org.springframework.beans.factory.xml.XmlBeanDefinitionReader]Loading XML bean definitions from class path resource [spring-mybatis.xml]
 [INFO] [2016-08-06 22:39:49][org.springframework.beans.factory.xml.XmlBeanDefinitionReader]Loading XML bean definitions from class path resource [spring-shiro-web.xml]
 [INFO] [2016-08-06 22:39:50][org.springframework.beans.factory.config.PropertyPlaceholderConfigurer]Loading properties file from class path resource [jdbc.properties]
 [INFO] [2016-08-06 22:39:50][org.springframework.beans.factory.annotation.AutowiredAnnotationBeanPostProcessor]JSR-330 'javax.inject.Inject' annotation found and supported for autowiring
 [INFO] [2016-08-06 22:39:51][org.springframework.context.support.PostProcessorRegistrationDelegate$BeanPostProcessorChecker]Bean 'dataSource' of type [class org.apache.commons.dbcp.BasicDataSource] is not eligible for getting processed by all BeanPostProcessors (for example: not eligible for auto-proxying)
 [INFO] [2016-08-06 22:39:52][org.springframework.context.support.PostProcessorRegistrationDelegate$BeanPostProcessorChecker]Bean 'sqlSessionFactory' of type [class org.mybatis.spring.SqlSessionFactoryBean] is not eligible for getting processed by all BeanPostProcessors (for example: not eligible for auto-proxying)
 [INFO] [2016-08-06 22:39:52][org.springframework.context.support.PostProcessorRegistrationDelegate$BeanPostProcessorChecker]Bean 'sqlSessionFactory' of type [class org.apache.ibatis.session.defaults.DefaultSqlSessionFactory] is not eligible for getting processed by all BeanPostProcessors (for example: not eligible for auto-proxying)
 [INFO] [2016-08-06 22:39:52][org.springframework.context.support.PostProcessorRegistrationDelegate$BeanPostProcessorChecker]Bean 'userDao' of type [class org.mybatis.spring.mapper.MapperFactoryBean] is not eligible for getting processed by all BeanPostProcessors (for example: not eligible for auto-proxying)
 [INFO] [2016-08-06 22:39:52][org.springframework.context.support.PostProcessorRegistrationDelegate$BeanPostProcessorChecker]Bean 'userDao' of type [class com.sun.proxy.$Proxy15] is not eligible for getting processed by all BeanPostProcessors (for example: not eligible for auto-proxying)
 [INFO] [2016-08-06 22:39:52][org.springframework.context.support.PostProcessorRegistrationDelegate$BeanPostProcessorChecker]Bean 'userService' of type [class site.nebulas.service.UserService] is not eligible for getting processed by all BeanPostProcessors (for example: not eligible for auto-proxying)
 [INFO] [2016-08-06 22:39:54][org.springframework.context.support.PostProcessorRegistrationDelegate$BeanPostProcessorChecker]Bean 'cacheManager' of type [class org.apache.shiro.cache.ehcache.EhCacheManager] is not eligible for getting processed by all BeanPostProcessors (for example: not eligible for auto-proxying)
 [INFO] [2016-08-06 22:39:54][org.apache.shiro.cache.ehcache.EhCacheManager]Using existing EHCache named [passwordRetryCache]
 [INFO] [2016-08-06 22:39:54][org.springframework.context.support.PostProcessorRegistrationDelegate$BeanPostProcessorChecker]Bean 'credentialsMatcher' of type [class site.nebulas.credentials.RetryLimitHashedCredentialsMatcher] is not eligible for getting processed by all BeanPostProcessors (for example: not eligible for auto-proxying)
 [INFO] [2016-08-06 22:39:54][org.apache.shiro.realm.AuthorizingRealm]No cache or cacheManager properties have been set.  Authorization cache cannot be obtained.
 [INFO] [2016-08-06 22:39:54][org.springframework.context.support.PostProcessorRegistrationDelegate$BeanPostProcessorChecker]Bean 'userRealm' of type [class site.nebulas.realm.UserRealm] is not eligible for getting processed by all BeanPostProcessors (for example: not eligible for auto-proxying)
 [INFO] [2016-08-06 22:39:54][org.springframework.context.support.PostProcessorRegistrationDelegate$BeanPostProcessorChecker]Bean 'sessionValidationScheduler' of type [class org.apache.shiro.session.mgt.quartz.QuartzSessionValidationScheduler] is not eligible for getting processed by all BeanPostProcessors (for example: not eligible for auto-proxying)
 [INFO] [2016-08-06 22:39:54][org.springframework.context.support.PostProcessorRegistrationDelegate$BeanPostProcessorChecker]Bean 'sessionIdGenerator' of type [class org.apache.shiro.session.mgt.eis.JavaUuidSessionIdGenerator] is not eligible for getting processed by all BeanPostProcessors (for example: not eligible for auto-proxying)
 [INFO] [2016-08-06 22:39:54][org.springframework.context.support.PostProcessorRegistrationDelegate$BeanPostProcessorChecker]Bean 'sessionDAO' of type [class org.apache.shiro.session.mgt.eis.EnterpriseCacheSessionDAO] is not eligible for getting processed by all BeanPostProcessors (for example: not eligible for auto-proxying)
 [INFO] [2016-08-06 22:39:55][org.springframework.context.support.PostProcessorRegistrationDelegate$BeanPostProcessorChecker]Bean 'sessionIdCookie' of type [class org.apache.shiro.web.servlet.SimpleCookie] is not eligible for getting processed by all BeanPostProcessors (for example: not eligible for auto-proxying)
 [INFO] [2016-08-06 22:39:55][org.springframework.context.support.PostProcessorRegistrationDelegate$BeanPostProcessorChecker]Bean 'sessionManager' of type [class org.apache.shiro.web.session.mgt.DefaultWebSessionManager] is not eligible for getting processed by all BeanPostProcessors (for example: not eligible for auto-proxying)
 [INFO] [2016-08-06 22:39:55][org.apache.shiro.cache.ehcache.EhCacheManager]Using existing EHCache named [authenticationCache]
 [INFO] [2016-08-06 22:39:55][org.apache.shiro.cache.ehcache.EhCacheManager]Using existing EHCache named [authorizationCache]
 [INFO] [2016-08-06 22:39:55][org.springframework.context.support.PostProcessorRegistrationDelegate$BeanPostProcessorChecker]Bean 'securityManager' of type [class org.apache.shiro.web.mgt.DefaultWebSecurityManager] is not eligible for getting processed by all BeanPostProcessors (for example: not eligible for auto-proxying)
 [INFO] [2016-08-06 22:39:55][org.springframework.context.support.PostProcessorRegistrationDelegate$BeanPostProcessorChecker]Bean 'formAuthenticationFilter' of type [class org.apache.shiro.web.filter.authc.FormAuthenticationFilter] is not eligible for getting processed by all BeanPostProcessors (for example: not eligible for auto-proxying)
 [INFO] [2016-08-06 22:39:55][org.springframework.context.support.PostProcessorRegistrationDelegate$BeanPostProcessorChecker]Bean 'util:map#335972a5' of type [class org.springframework.beans.factory.config.MapFactoryBean] is not eligible for getting processed by all BeanPostProcessors (for example: not eligible for auto-proxying)
 [INFO] [2016-08-06 22:39:55][org.springframework.context.support.PostProcessorRegistrationDelegate$BeanPostProcessorChecker]Bean 'util:map#335972a5' of type [class java.util.LinkedHashMap] is not eligible for getting processed by all BeanPostProcessors (for example: not eligible for auto-proxying)
 [INFO] [2016-08-06 22:39:55][org.springframework.web.context.ContextLoader]Root WebApplicationContext: initialization completed in 7625 ms
 [INFO] [2016-08-06 22:39:55][org.springframework.web.servlet.DispatcherServlet]FrameworkServlet 'SpringMVC': initialization started
 [INFO] [2016-08-06 22:39:55][org.springframework.web.context.support.XmlWebApplicationContext]Refreshing WebApplicationContext for namespace 'SpringMVC-servlet': startup date [Sat Aug 06 22:39:55 CST 2016]; parent: Root WebApplicationContext
 [INFO] [2016-08-06 22:39:55][org.springframework.beans.factory.xml.XmlBeanDefinitionReader]Loading XML bean definitions from class path resource [spring-mvc.xml]
 [INFO] [2016-08-06 22:39:56][org.springframework.beans.factory.annotation.AutowiredAnnotationBeanPostProcessor]JSR-330 'javax.inject.Inject' annotation found and supported for autowiring
 [INFO] [2016-08-06 22:39:56][org.springframework.web.servlet.mvc.method.annotation.RequestMappingHandlerMapping]Mapped "{[/bookQueryByParam],methods=[],params=[],headers=[],consumes=[],produces=[],custom=[]}" onto public java.lang.Object site.nebulas.controller.BookController.bookQueryByParam(site.nebulas.beans.Book)
 [INFO] [2016-08-06 22:39:56][org.springframework.web.servlet.mvc.method.annotation.RequestMappingHandlerMapping]Mapped "{[/book],methods=[],params=[],headers=[],consumes=[],produces=[],custom=[]}" onto public org.springframework.web.servlet.ModelAndView site.nebulas.controller.BookController.operationLog()
 [INFO] [2016-08-06 22:39:56][org.springframework.web.servlet.mvc.method.annotation.RequestMappingHandlerMapping]Mapped "{[/index],methods=[],params=[],headers=[],consumes=[],produces=[],custom=[]}" onto public org.springframework.web.servlet.ModelAndView site.nebulas.controller.ShiroController.index()
 [INFO] [2016-08-06 22:39:56][org.springframework.web.servlet.mvc.method.annotation.RequestMappingHandlerMapping]Mapped "{[/login],methods=[],params=[],headers=[],consumes=[],produces=[],custom=[]}" onto public org.springframework.web.servlet.ModelAndView site.nebulas.controller.ShiroController.login()
 [INFO] [2016-08-06 22:39:56][org.springframework.web.servlet.mvc.method.annotation.RequestMappingHandlerMapping]Mapped "{[/loginIn],methods=[],params=[],headers=[],consumes=[],produces=[],custom=[]}" onto public java.lang.Object site.nebulas.controller.ShiroController.loginIn(site.nebulas.beans.User)
 [INFO] [2016-08-06 22:39:58][org.springframework.web.servlet.handler.SimpleUrlHandlerMapping]Mapped URL path [/resources/**] onto handler 'org.springframework.web.servlet.resource.ResourceHttpRequestHandler#0'
 [INFO] [2016-08-06 22:39:58][org.springframework.web.servlet.handler.SimpleUrlHandlerMapping]Mapped URL path [/static/**] onto handler 'org.springframework.web.servlet.resource.ResourceHttpRequestHandler#1'
 [INFO] [2016-08-06 22:39:59][org.springframework.web.servlet.DispatcherServlet]FrameworkServlet 'SpringMVC': initialization completed in 3440 ms
 [INFO] [2016-08-06 22:40:04][org.apache.shiro.session.mgt.AbstractValidatingSessionManager]Enabling session validation scheduler...
 [INFO] [2016-08-06 22:40:04][org.quartz.simpl.SimpleThreadPool]Job execution threads will use class loader of thread: qtp832947102-21
 [INFO] [2016-08-06 22:40:04][org.quartz.core.SchedulerSignalerImpl]Initialized Scheduler Signaller of type: class org.quartz.core.SchedulerSignalerImpl
 [INFO] [2016-08-06 22:40:04][org.quartz.core.QuartzScheduler]Quartz Scheduler v.1.6.1 created.
 [INFO] [2016-08-06 22:40:04][org.quartz.simpl.RAMJobStore]RAMJobStore initialized.
 [INFO] [2016-08-06 22:40:04][org.quartz.impl.StdSchedulerFactory]Quartz scheduler 'DefaultQuartzScheduler' initialized from default resource file in Quartz package: 'quartz.properties'
 [INFO] [2016-08-06 22:40:04][org.quartz.impl.StdSchedulerFactory]Quartz scheduler version: 1.6.1
 [INFO] [2016-08-06 22:40:04][org.quartz.core.QuartzScheduler]Scheduler DefaultQuartzScheduler_$_NON_CLUSTERED started.
 [INFO] [2016-08-06 22:40:04][org.apache.shiro.cache.ehcache.EhCacheManager]Using existing EHCache named [shiro-activeSessionCache]
 [INFO] [2016-08-06 22:40:04][org.apache.shiro.session.mgt.AbstractValidatingSessionManager]Validating all active sessions...
 [INFO] [2016-08-06 22:40:04][org.apache.shiro.session.mgt.AbstractValidatingSessionManager]Finished session validation.  No sessions were stopped.
 [INFO] [2016-08-06 22:40:17][net.sf.ehcache.util.UpdateChecker]New update(s) found: 2.6.5 [http://www.terracotta.org/confluence/display/release/Release+Notes+Ehcache+Core+2.6]. Please check http://ehcache.org for the latest version.
 [INFO] [2016-08-06 22:41:10][org.springframework.web.context.ContextLoader]Root WebApplicationContext: initialization started
 [INFO] [2016-08-06 22:41:11][org.springframework.web.context.support.XmlWebApplicationContext]Refreshing Root WebApplicationContext: startup date [Sat Aug 06 22:41:11 CST 2016]; root of context hierarchy
 [INFO] [2016-08-06 22:41:11][org.springframework.beans.factory.xml.XmlBeanDefinitionReader]Loading XML bean definitions from class path resource [spring-mybatis.xml]
 [INFO] [2016-08-06 22:41:12][org.springframework.beans.factory.xml.XmlBeanDefinitionReader]Loading XML bean definitions from class path resource [spring-shiro-web.xml]
 [INFO] [2016-08-06 22:41:13][org.springframework.beans.factory.config.PropertyPlaceholderConfigurer]Loading properties file from class path resource [jdbc.properties]
 [INFO] [2016-08-06 22:41:13][org.springframework.beans.factory.annotation.AutowiredAnnotationBeanPostProcessor]JSR-330 'javax.inject.Inject' annotation found and supported for autowiring
 [INFO] [2016-08-06 22:41:14][org.springframework.context.support.PostProcessorRegistrationDelegate$BeanPostProcessorChecker]Bean 'dataSource' of type [class org.apache.commons.dbcp.BasicDataSource] is not eligible for getting processed by all BeanPostProcessors (for example: not eligible for auto-proxying)
 [INFO] [2016-08-06 22:41:14][org.springframework.context.support.PostProcessorRegistrationDelegate$BeanPostProcessorChecker]Bean 'sqlSessionFactory' of type [class org.mybatis.spring.SqlSessionFactoryBean] is not eligible for getting processed by all BeanPostProcessors (for example: not eligible for auto-proxying)
 [INFO] [2016-08-06 22:41:14][org.springframework.context.support.PostProcessorRegistrationDelegate$BeanPostProcessorChecker]Bean 'sqlSessionFactory' of type [class org.apache.ibatis.session.defaults.DefaultSqlSessionFactory] is not eligible for getting processed by all BeanPostProcessors (for example: not eligible for auto-proxying)
 [INFO] [2016-08-06 22:41:14][org.springframework.context.support.PostProcessorRegistrationDelegate$BeanPostProcessorChecker]Bean 'userDao' of type [class org.mybatis.spring.mapper.MapperFactoryBean] is not eligible for getting processed by all BeanPostProcessors (for example: not eligible for auto-proxying)
 [INFO] [2016-08-06 22:41:14][org.springframework.context.support.PostProcessorRegistrationDelegate$BeanPostProcessorChecker]Bean 'userDao' of type [class com.sun.proxy.$Proxy15] is not eligible for getting processed by all BeanPostProcessors (for example: not eligible for auto-proxying)
 [INFO] [2016-08-06 22:41:14][org.springframework.context.support.PostProcessorRegistrationDelegate$BeanPostProcessorChecker]Bean 'userService' of type [class site.nebulas.service.UserService] is not eligible for getting processed by all BeanPostProcessors (for example: not eligible for auto-proxying)
 [INFO] [2016-08-06 22:41:16][org.springframework.context.support.PostProcessorRegistrationDelegate$BeanPostProcessorChecker]Bean 'cacheManager' of type [class org.apache.shiro.cache.ehcache.EhCacheManager] is not eligible for getting processed by all BeanPostProcessors (for example: not eligible for auto-proxying)
 [INFO] [2016-08-06 22:41:16][org.apache.shiro.cache.ehcache.EhCacheManager]Using existing EHCache named [passwordRetryCache]
 [INFO] [2016-08-06 22:41:16][org.springframework.context.support.PostProcessorRegistrationDelegate$BeanPostProcessorChecker]Bean 'credentialsMatcher' of type [class site.nebulas.credentials.RetryLimitHashedCredentialsMatcher] is not eligible for getting processed by all BeanPostProcessors (for example: not eligible for auto-proxying)
 [INFO] [2016-08-06 22:41:16][org.apache.shiro.realm.AuthorizingRealm]No cache or cacheManager properties have been set.  Authorization cache cannot be obtained.
 [INFO] [2016-08-06 22:41:16][org.springframework.context.support.PostProcessorRegistrationDelegate$BeanPostProcessorChecker]Bean 'userRealm' of type [class site.nebulas.realm.UserRealm] is not eligible for getting processed by all BeanPostProcessors (for example: not eligible for auto-proxying)
 [INFO] [2016-08-06 22:41:16][org.springframework.context.support.PostProcessorRegistrationDelegate$BeanPostProcessorChecker]Bean 'sessionValidationScheduler' of type [class org.apache.shiro.session.mgt.quartz.QuartzSessionValidationScheduler] is not eligible for getting processed by all BeanPostProcessors (for example: not eligible for auto-proxying)
 [INFO] [2016-08-06 22:41:16][org.springframework.context.support.PostProcessorRegistrationDelegate$BeanPostProcessorChecker]Bean 'sessionIdGenerator' of type [class org.apache.shiro.session.mgt.eis.JavaUuidSessionIdGenerator] is not eligible for getting processed by all BeanPostProcessors (for example: not eligible for auto-proxying)
 [INFO] [2016-08-06 22:41:16][org.springframework.context.support.PostProcessorRegistrationDelegate$BeanPostProcessorChecker]Bean 'sessionDAO' of type [class org.apache.shiro.session.mgt.eis.EnterpriseCacheSessionDAO] is not eligible for getting processed by all BeanPostProcessors (for example: not eligible for auto-proxying)
 [INFO] [2016-08-06 22:41:16][org.springframework.context.support.PostProcessorRegistrationDelegate$BeanPostProcessorChecker]Bean 'sessionIdCookie' of type [class org.apache.shiro.web.servlet.SimpleCookie] is not eligible for getting processed by all BeanPostProcessors (for example: not eligible for auto-proxying)
 [INFO] [2016-08-06 22:41:16][org.springframework.context.support.PostProcessorRegistrationDelegate$BeanPostProcessorChecker]Bean 'sessionManager' of type [class org.apache.shiro.web.session.mgt.DefaultWebSessionManager] is not eligible for getting processed by all BeanPostProcessors (for example: not eligible for auto-proxying)
 [INFO] [2016-08-06 22:41:16][org.apache.shiro.cache.ehcache.EhCacheManager]Using existing EHCache named [authenticationCache]
 [INFO] [2016-08-06 22:41:16][org.apache.shiro.cache.ehcache.EhCacheManager]Using existing EHCache named [authorizationCache]
 [INFO] [2016-08-06 22:41:16][org.springframework.context.support.PostProcessorRegistrationDelegate$BeanPostProcessorChecker]Bean 'securityManager' of type [class org.apache.shiro.web.mgt.DefaultWebSecurityManager] is not eligible for getting processed by all BeanPostProcessors (for example: not eligible for auto-proxying)
 [INFO] [2016-08-06 22:41:17][org.springframework.context.support.PostProcessorRegistrationDelegate$BeanPostProcessorChecker]Bean 'formAuthenticationFilter' of type [class org.apache.shiro.web.filter.authc.FormAuthenticationFilter] is not eligible for getting processed by all BeanPostProcessors (for example: not eligible for auto-proxying)
 [INFO] [2016-08-06 22:41:17][org.springframework.context.support.PostProcessorRegistrationDelegate$BeanPostProcessorChecker]Bean 'util:map#1e482ecd' of type [class org.springframework.beans.factory.config.MapFactoryBean] is not eligible for getting processed by all BeanPostProcessors (for example: not eligible for auto-proxying)
 [INFO] [2016-08-06 22:41:17][org.springframework.context.support.PostProcessorRegistrationDelegate$BeanPostProcessorChecker]Bean 'util:map#1e482ecd' of type [class java.util.LinkedHashMap] is not eligible for getting processed by all BeanPostProcessors (for example: not eligible for auto-proxying)
 [INFO] [2016-08-06 22:41:17][org.springframework.web.context.ContextLoader]Root WebApplicationContext: initialization completed in 6835 ms
 [INFO] [2016-08-06 22:41:17][org.springframework.web.servlet.DispatcherServlet]FrameworkServlet 'SpringMVC': initialization started
 [INFO] [2016-08-06 22:41:17][org.springframework.web.context.support.XmlWebApplicationContext]Refreshing WebApplicationContext for namespace 'SpringMVC-servlet': startup date [Sat Aug 06 22:41:17 CST 2016]; parent: Root WebApplicationContext
 [INFO] [2016-08-06 22:41:17][org.springframework.beans.factory.xml.XmlBeanDefinitionReader]Loading XML bean definitions from class path resource [spring-mvc.xml]
 [INFO] [2016-08-06 22:41:18][org.springframework.beans.factory.annotation.AutowiredAnnotationBeanPostProcessor]JSR-330 'javax.inject.Inject' annotation found and supported for autowiring
 [INFO] [2016-08-06 22:41:18][org.springframework.web.servlet.mvc.method.annotation.RequestMappingHandlerMapping]Mapped "{[/bookQueryByParam],methods=[],params=[],headers=[],consumes=[],produces=[],custom=[]}" onto public java.lang.Object site.nebulas.controller.BookController.bookQueryByParam(site.nebulas.beans.Book)
 [INFO] [2016-08-06 22:41:18][org.springframework.web.servlet.mvc.method.annotation.RequestMappingHandlerMapping]Mapped "{[/book],methods=[],params=[],headers=[],consumes=[],produces=[],custom=[]}" onto public org.springframework.web.servlet.ModelAndView site.nebulas.controller.BookController.operationLog()
 [INFO] [2016-08-06 22:41:18][org.springframework.web.servlet.mvc.method.annotation.RequestMappingHandlerMapping]Mapped "{[/index],methods=[],params=[],headers=[],consumes=[],produces=[],custom=[]}" onto public org.springframework.web.servlet.ModelAndView site.nebulas.controller.ShiroController.index()
 [INFO] [2016-08-06 22:41:18][org.springframework.web.servlet.mvc.method.annotation.RequestMappingHandlerMapping]Mapped "{[/login],methods=[],params=[],headers=[],consumes=[],produces=[],custom=[]}" onto public org.springframework.web.servlet.ModelAndView site.nebulas.controller.ShiroController.login()
 [INFO] [2016-08-06 22:41:18][org.springframework.web.servlet.mvc.method.annotation.RequestMappingHandlerMapping]Mapped "{[/loginIn],methods=[],params=[],headers=[],consumes=[],produces=[],custom=[]}" onto public java.lang.Object site.nebulas.controller.ShiroController.loginIn(site.nebulas.beans.User)
 [INFO] [2016-08-06 22:41:20][org.springframework.web.servlet.handler.SimpleUrlHandlerMapping]Mapped URL path [/resources/**] onto handler 'org.springframework.web.servlet.resource.ResourceHttpRequestHandler#0'
 [INFO] [2016-08-06 22:41:20][org.springframework.web.servlet.handler.SimpleUrlHandlerMapping]Mapped URL path [/static/**] onto handler 'org.springframework.web.servlet.resource.ResourceHttpRequestHandler#1'
 [INFO] [2016-08-06 22:41:20][org.springframework.web.servlet.DispatcherServlet]FrameworkServlet 'SpringMVC': initialization completed in 3373 ms
 [INFO] [2016-08-06 22:41:38][org.apache.shiro.session.mgt.AbstractValidatingSessionManager]Enabling session validation scheduler...
 [INFO] [2016-08-06 22:41:38][org.quartz.simpl.SimpleThreadPool]Job execution threads will use class loader of thread: qtp832947102-18
 [INFO] [2016-08-06 22:41:39][org.quartz.core.SchedulerSignalerImpl]Initialized Scheduler Signaller of type: class org.quartz.core.SchedulerSignalerImpl
 [INFO] [2016-08-06 22:41:39][org.quartz.core.QuartzScheduler]Quartz Scheduler v.1.6.1 created.
 [INFO] [2016-08-06 22:41:39][org.quartz.simpl.RAMJobStore]RAMJobStore initialized.
 [INFO] [2016-08-06 22:41:39][org.quartz.impl.StdSchedulerFactory]Quartz scheduler 'DefaultQuartzScheduler' initialized from default resource file in Quartz package: 'quartz.properties'
 [INFO] [2016-08-06 22:41:39][org.quartz.impl.StdSchedulerFactory]Quartz scheduler version: 1.6.1
 [INFO] [2016-08-06 22:41:39][org.quartz.core.QuartzScheduler]Scheduler DefaultQuartzScheduler_$_NON_CLUSTERED started.
 [INFO] [2016-08-06 22:41:39][org.apache.shiro.cache.ehcache.EhCacheManager]Using existing EHCache named [shiro-activeSessionCache]
 [WARN] [2016-08-06 22:41:39][org.springframework.web.servlet.PageNotFound]No mapping found for HTTP request with URI [/hello] in DispatcherServlet with name 'SpringMVC'
 [INFO] [2016-08-06 22:41:39][org.apache.shiro.session.mgt.AbstractValidatingSessionManager]Validating all active sessions...
 [INFO] [2016-08-06 22:41:39][org.apache.shiro.session.mgt.AbstractValidatingSessionManager]Finished session validation.  No sessions were stopped.
 [INFO] [2016-08-06 22:42:17][org.springframework.web.context.support.XmlWebApplicationContext]Closing WebApplicationContext for namespace 'SpringMVC-servlet': startup date [Sat Aug 06 22:41:17 CST 2016]; parent: Root WebApplicationContext
 [INFO] [2016-08-06 22:42:17][org.springframework.web.context.support.XmlWebApplicationContext]Closing Root WebApplicationContext: startup date [Sat Aug 06 22:41:11 CST 2016]; root of context hierarchy
 [INFO] [2016-08-06 22:42:17][org.quartz.core.QuartzScheduler]Scheduler DefaultQuartzScheduler_$_NON_CLUSTERED shutting down.
 [INFO] [2016-08-06 22:42:17][org.quartz.core.QuartzScheduler]Scheduler DefaultQuartzScheduler_$_NON_CLUSTERED paused.
 [INFO] [2016-08-06 22:42:17][org.quartz.core.QuartzScheduler]Scheduler DefaultQuartzScheduler_$_NON_CLUSTERED shutdown complete.
 [INFO] [2016-08-06 22:42:17][org.apache.shiro.session.mgt.AbstractValidatingSessionManager]Disabled session validation scheduler.
 [INFO] [2016-08-06 22:42:37][org.springframework.web.context.ContextLoader]Root WebApplicationContext: initialization started
 [INFO] [2016-08-06 22:42:37][org.springframework.web.context.support.XmlWebApplicationContext]Refreshing Root WebApplicationContext: startup date [Sat Aug 06 22:42:37 CST 2016]; root of context hierarchy
 [INFO] [2016-08-06 22:42:38][org.springframework.beans.factory.xml.XmlBeanDefinitionReader]Loading XML bean definitions from class path resource [spring-mybatis.xml]
 [INFO] [2016-08-06 22:42:38][org.springframework.beans.factory.xml.XmlBeanDefinitionReader]Loading XML bean definitions from class path resource [spring-shiro-web.xml]
 [INFO] [2016-08-06 22:42:39][org.springframework.beans.factory.config.PropertyPlaceholderConfigurer]Loading properties file from class path resource [jdbc.properties]
 [INFO] [2016-08-06 22:42:39][org.springframework.beans.factory.annotation.AutowiredAnnotationBeanPostProcessor]JSR-330 'javax.inject.Inject' annotation found and supported for autowiring
 [INFO] [2016-08-06 22:42:40][org.springframework.context.support.PostProcessorRegistrationDelegate$BeanPostProcessorChecker]Bean 'dataSource' of type [class org.apache.commons.dbcp.BasicDataSource] is not eligible for getting processed by all BeanPostProcessors (for example: not eligible for auto-proxying)
 [INFO] [2016-08-06 22:42:41][org.springframework.context.support.PostProcessorRegistrationDelegate$BeanPostProcessorChecker]Bean 'sqlSessionFactory' of type [class org.mybatis.spring.SqlSessionFactoryBean] is not eligible for getting processed by all BeanPostProcessors (for example: not eligible for auto-proxying)
 [INFO] [2016-08-06 22:42:41][org.springframework.context.support.PostProcessorRegistrationDelegate$BeanPostProcessorChecker]Bean 'sqlSessionFactory' of type [class org.apache.ibatis.session.defaults.DefaultSqlSessionFactory] is not eligible for getting processed by all BeanPostProcessors (for example: not eligible for auto-proxying)
 [INFO] [2016-08-06 22:42:41][org.springframework.context.support.PostProcessorRegistrationDelegate$BeanPostProcessorChecker]Bean 'userDao' of type [class org.mybatis.spring.mapper.MapperFactoryBean] is not eligible for getting processed by all BeanPostProcessors (for example: not eligible for auto-proxying)
 [INFO] [2016-08-06 22:42:41][org.springframework.context.support.PostProcessorRegistrationDelegate$BeanPostProcessorChecker]Bean 'userDao' of type [class com.sun.proxy.$Proxy14] is not eligible for getting processed by all BeanPostProcessors (for example: not eligible for auto-proxying)
 [INFO] [2016-08-06 22:42:41][org.springframework.context.support.PostProcessorRegistrationDelegate$BeanPostProcessorChecker]Bean 'userService' of type [class site.nebulas.service.UserService] is not eligible for getting processed by all BeanPostProcessors (for example: not eligible for auto-proxying)
 [INFO] [2016-08-06 22:42:42][org.springframework.context.support.PostProcessorRegistrationDelegate$BeanPostProcessorChecker]Bean 'cacheManager' of type [class org.apache.shiro.cache.ehcache.EhCacheManager] is not eligible for getting processed by all BeanPostProcessors (for example: not eligible for auto-proxying)
 [INFO] [2016-08-06 22:42:42][org.apache.shiro.cache.ehcache.EhCacheManager]Using existing EHCache named [passwordRetryCache]
 [INFO] [2016-08-06 22:42:42][org.springframework.context.support.PostProcessorRegistrationDelegate$BeanPostProcessorChecker]Bean 'credentialsMatcher' of type [class site.nebulas.credentials.RetryLimitHashedCredentialsMatcher] is not eligible for getting processed by all BeanPostProcessors (for example: not eligible for auto-proxying)
 [INFO] [2016-08-06 22:42:42][org.apache.shiro.realm.AuthorizingRealm]No cache or cacheManager properties have been set.  Authorization cache cannot be obtained.
 [INFO] [2016-08-06 22:42:42][org.springframework.context.support.PostProcessorRegistrationDelegate$BeanPostProcessorChecker]Bean 'userRealm' of type [class site.nebulas.realm.UserRealm] is not eligible for getting processed by all BeanPostProcessors (for example: not eligible for auto-proxying)
 [INFO] [2016-08-06 22:42:42][org.springframework.context.support.PostProcessorRegistrationDelegate$BeanPostProcessorChecker]Bean 'sessionValidationScheduler' of type [class org.apache.shiro.session.mgt.quartz.QuartzSessionValidationScheduler] is not eligible for getting processed by all BeanPostProcessors (for example: not eligible for auto-proxying)
 [INFO] [2016-08-06 22:42:43][org.springframework.context.support.PostProcessorRegistrationDelegate$BeanPostProcessorChecker]Bean 'sessionIdGenerator' of type [class org.apache.shiro.session.mgt.eis.JavaUuidSessionIdGenerator] is not eligible for getting processed by all BeanPostProcessors (for example: not eligible for auto-proxying)
 [INFO] [2016-08-06 22:42:43][org.springframework.context.support.PostProcessorRegistrationDelegate$BeanPostProcessorChecker]Bean 'sessionDAO' of type [class org.apache.shiro.session.mgt.eis.EnterpriseCacheSessionDAO] is not eligible for getting processed by all BeanPostProcessors (for example: not eligible for auto-proxying)
 [INFO] [2016-08-06 22:42:43][org.springframework.context.support.PostProcessorRegistrationDelegate$BeanPostProcessorChecker]Bean 'sessionIdCookie' of type [class org.apache.shiro.web.servlet.SimpleCookie] is not eligible for getting processed by all BeanPostProcessors (for example: not eligible for auto-proxying)
 [INFO] [2016-08-06 22:42:43][org.springframework.context.support.PostProcessorRegistrationDelegate$BeanPostProcessorChecker]Bean 'sessionManager' of type [class org.apache.shiro.web.session.mgt.DefaultWebSessionManager] is not eligible for getting processed by all BeanPostProcessors (for example: not eligible for auto-proxying)
 [INFO] [2016-08-06 22:42:43][org.apache.shiro.cache.ehcache.EhCacheManager]Using existing EHCache named [authenticationCache]
 [INFO] [2016-08-06 22:42:43][org.apache.shiro.cache.ehcache.EhCacheManager]Using existing EHCache named [authorizationCache]
 [INFO] [2016-08-06 22:42:43][org.springframework.context.support.PostProcessorRegistrationDelegate$BeanPostProcessorChecker]Bean 'securityManager' of type [class org.apache.shiro.web.mgt.DefaultWebSecurityManager] is not eligible for getting processed by all BeanPostProcessors (for example: not eligible for auto-proxying)
 [INFO] [2016-08-06 22:42:43][org.springframework.context.support.PostProcessorRegistrationDelegate$BeanPostProcessorChecker]Bean 'formAuthenticationFilter' of type [class org.apache.shiro.web.filter.authc.FormAuthenticationFilter] is not eligible for getting processed by all BeanPostProcessors (for example: not eligible for auto-proxying)
 [INFO] [2016-08-06 22:42:43][org.springframework.context.support.PostProcessorRegistrationDelegate$BeanPostProcessorChecker]Bean 'util:map#460e5ffe' of type [class org.springframework.beans.factory.config.MapFactoryBean] is not eligible for getting processed by all BeanPostProcessors (for example: not eligible for auto-proxying)
 [INFO] [2016-08-06 22:42:43][org.springframework.context.support.PostProcessorRegistrationDelegate$BeanPostProcessorChecker]Bean 'util:map#460e5ffe' of type [class java.util.LinkedHashMap] is not eligible for getting processed by all BeanPostProcessors (for example: not eligible for auto-proxying)
 [INFO] [2016-08-06 22:42:43][org.springframework.web.context.ContextLoader]Root WebApplicationContext: initialization completed in 6558 ms
 [INFO] [2016-08-06 22:42:44][org.springframework.web.servlet.DispatcherServlet]FrameworkServlet 'SpringMVC': initialization started
 [INFO] [2016-08-06 22:42:44][org.springframework.web.context.support.XmlWebApplicationContext]Refreshing WebApplicationContext for namespace 'SpringMVC-servlet': startup date [Sat Aug 06 22:42:44 CST 2016]; parent: Root WebApplicationContext
 [INFO] [2016-08-06 22:42:44][org.springframework.beans.factory.xml.XmlBeanDefinitionReader]Loading XML bean definitions from class path resource [spring-mvc.xml]
 [INFO] [2016-08-06 22:42:44][org.springframework.beans.factory.annotation.AutowiredAnnotationBeanPostProcessor]JSR-330 'javax.inject.Inject' annotation found and supported for autowiring
 [INFO] [2016-08-06 22:42:45][org.springframework.web.servlet.mvc.method.annotation.RequestMappingHandlerMapping]Mapped "{[/book],methods=[],params=[],headers=[],consumes=[],produces=[],custom=[]}" onto public org.springframework.web.servlet.ModelAndView site.nebulas.controller.BookController.operationLog()
 [INFO] [2016-08-06 22:42:45][org.springframework.web.servlet.mvc.method.annotation.RequestMappingHandlerMapping]Mapped "{[/bookQueryByParam],methods=[],params=[],headers=[],consumes=[],produces=[],custom=[]}" onto public java.lang.Object site.nebulas.controller.BookController.bookQueryByParam(site.nebulas.beans.Book)
 [INFO] [2016-08-06 22:42:45][org.springframework.web.servlet.mvc.method.annotation.RequestMappingHandlerMapping]Mapped "{[/hello],methods=[],params=[],headers=[],consumes=[],produces=[],custom=[]}" onto public java.lang.String site.nebulas.controller.helloController.hello()
 [INFO] [2016-08-06 22:42:45][org.springframework.web.servlet.mvc.method.annotation.RequestMappingHandlerMapping]Mapped "{[/index],methods=[],params=[],headers=[],consumes=[],produces=[],custom=[]}" onto public org.springframework.web.servlet.ModelAndView site.nebulas.controller.ShiroController.index()
 [INFO] [2016-08-06 22:42:45][org.springframework.web.servlet.mvc.method.annotation.RequestMappingHandlerMapping]Mapped "{[/login],methods=[],params=[],headers=[],consumes=[],produces=[],custom=[]}" onto public org.springframework.web.servlet.ModelAndView site.nebulas.controller.ShiroController.login()
 [INFO] [2016-08-06 22:42:45][org.springframework.web.servlet.mvc.method.annotation.RequestMappingHandlerMapping]Mapped "{[/loginIn],methods=[],params=[],headers=[],consumes=[],produces=[],custom=[]}" onto public java.lang.Object site.nebulas.controller.ShiroController.loginIn(site.nebulas.beans.User)
 [INFO] [2016-08-06 22:42:47][org.springframework.web.servlet.handler.SimpleUrlHandlerMapping]Mapped URL path [/resources/**] onto handler 'org.springframework.web.servlet.resource.ResourceHttpRequestHandler#0'
 [INFO] [2016-08-06 22:42:47][org.springframework.web.servlet.handler.SimpleUrlHandlerMapping]Mapped URL path [/static/**] onto handler 'org.springframework.web.servlet.resource.ResourceHttpRequestHandler#1'
 [INFO] [2016-08-06 22:42:49][org.springframework.web.servlet.DispatcherServlet]FrameworkServlet 'SpringMVC': initialization completed in 5035 ms
 [INFO] [2016-08-06 22:42:58][org.apache.shiro.session.mgt.AbstractValidatingSessionManager]Enabling session validation scheduler...
 [INFO] [2016-08-06 22:42:58][org.quartz.simpl.SimpleThreadPool]Job execution threads will use class loader of thread: qtp832947102-23
 [INFO] [2016-08-06 22:42:58][org.quartz.core.SchedulerSignalerImpl]Initialized Scheduler Signaller of type: class org.quartz.core.SchedulerSignalerImpl
 [INFO] [2016-08-06 22:42:58][org.quartz.core.QuartzScheduler]Quartz Scheduler v.1.6.1 created.
 [INFO] [2016-08-06 22:42:58][org.quartz.simpl.RAMJobStore]RAMJobStore initialized.
 [INFO] [2016-08-06 22:42:58][org.quartz.impl.StdSchedulerFactory]Quartz scheduler 'DefaultQuartzScheduler' initialized from default resource file in Quartz package: 'quartz.properties'
 [INFO] [2016-08-06 22:42:58][org.quartz.impl.StdSchedulerFactory]Quartz scheduler version: 1.6.1
 [INFO] [2016-08-06 22:42:58][org.quartz.core.QuartzScheduler]Scheduler DefaultQuartzScheduler_$_NON_CLUSTERED started.
 [INFO] [2016-08-06 22:42:58][org.apache.shiro.cache.ehcache.EhCacheManager]Using existing EHCache named [shiro-activeSessionCache]
 [INFO] [2016-08-06 22:42:58][org.apache.shiro.session.mgt.AbstractValidatingSessionManager]Validating all active sessions...
 [INFO] [2016-08-06 22:42:58][org.apache.shiro.session.mgt.AbstractValidatingSessionManager]Finished session validation.  No sessions were stopped.
 [DEBUG] [2016-08-06 22:43:00][site.nebulas.dao.DailySentenceDao.getDailySentenceByParm]==>  Preparing: select id, sentence, add_time addTime from daily_sentence ORDER BY add_time DESC limit 1 
 [DEBUG] [2016-08-06 22:43:00][site.nebulas.dao.DailySentenceDao.getDailySentenceByParm]==> Parameters: 
 [DEBUG] [2016-08-06 22:43:00][site.nebulas.dao.DailySentenceDao.getDailySentenceByParm]<==      Total: 1
 [DEBUG] [2016-08-06 22:43:00][site.nebulas.dao.DailySentenceDao.getDailySentenceByParm]==>  Preparing: select id, sentence, add_time addTime from daily_sentence ORDER BY add_time DESC limit 1 
 [DEBUG] [2016-08-06 22:43:00][site.nebulas.dao.DailySentenceDao.getDailySentenceByParm]==> Parameters: 
 [DEBUG] [2016-08-06 22:43:00][site.nebulas.dao.DailySentenceDao.getDailySentenceByParm]<==      Total: 1
 [DEBUG] [2016-08-06 22:43:00][site.nebulas.dao.DailySentenceDao.getDailySentenceByParm]==>  Preparing: select id, sentence, add_time addTime from daily_sentence ORDER BY add_time DESC limit 1 
 [DEBUG] [2016-08-06 22:43:00][site.nebulas.dao.DailySentenceDao.getDailySentenceByParm]==> Parameters: 
 [DEBUG] [2016-08-06 22:43:00][site.nebulas.dao.DailySentenceDao.getDailySentenceByParm]<==      Total: 1
 [DEBUG] [2016-08-06 22:43:00][site.nebulas.dao.DailySentenceDao.getDailySentenceByParm]==>  Preparing: select id, sentence, add_time addTime from daily_sentence ORDER BY add_time DESC limit 1 
 [DEBUG] [2016-08-06 22:43:00][site.nebulas.dao.DailySentenceDao.getDailySentenceByParm]==> Parameters: 
 [DEBUG] [2016-08-06 22:43:00][site.nebulas.dao.DailySentenceDao.getDailySentenceByParm]<==      Total: 1
 [DEBUG] [2016-08-06 22:55:32][site.nebulas.dao.DailySentenceDao.getDailySentenceByParm]==>  Preparing: select id, sentence, add_time addTime from daily_sentence ORDER BY add_time DESC limit 1 
 [DEBUG] [2016-08-06 22:55:32][site.nebulas.dao.DailySentenceDao.getDailySentenceByParm]==> Parameters: 
 [DEBUG] [2016-08-06 22:55:32][site.nebulas.dao.DailySentenceDao.getDailySentenceByParm]<==      Total: 1
 [DEBUG] [2016-08-06 22:55:32][site.nebulas.dao.DailySentenceDao.getDailySentenceByParm]==>  Preparing: select id, sentence, add_time addTime from daily_sentence ORDER BY add_time DESC limit 1 
 [DEBUG] [2016-08-06 22:55:32][site.nebulas.dao.DailySentenceDao.getDailySentenceByParm]==> Parameters: 
 [DEBUG] [2016-08-06 22:55:32][site.nebulas.dao.DailySentenceDao.getDailySentenceByParm]<==      Total: 1
 [DEBUG] [2016-08-06 22:55:32][site.nebulas.dao.DailySentenceDao.getDailySentenceByParm]==>  Preparing: select id, sentence, add_time addTime from daily_sentence ORDER BY add_time DESC limit 1 
 [DEBUG] [2016-08-06 22:55:32][site.nebulas.dao.DailySentenceDao.getDailySentenceByParm]==> Parameters: 
 [DEBUG] [2016-08-06 22:55:32][site.nebulas.dao.DailySentenceDao.getDailySentenceByParm]<==      Total: 1
 [DEBUG] [2016-08-06 22:55:32][site.nebulas.dao.DailySentenceDao.getDailySentenceByParm]==>  Preparing: select id, sentence, add_time addTime from daily_sentence ORDER BY add_time DESC limit 1 
 [DEBUG] [2016-08-06 22:55:32][site.nebulas.dao.DailySentenceDao.getDailySentenceByParm]==> Parameters: 
 [DEBUG] [2016-08-06 22:55:32][site.nebulas.dao.DailySentenceDao.getDailySentenceByParm]<==      Total: 1
 